Running: C:\Xilinx\14.7\ISE_DS\ISE\bin\nt\unwrapped\fuse.exe -intstyle ise -incremental -o C:/Documents and Settings/Administrador/Mis documentos/Arquitectura/procesador4/Procesador4/TB_procesador_isim_beh.exe -prj C:/Documents and Settings/Administrador/Mis documentos/Arquitectura/procesador4/Procesador4/TB_procesador_beh.prj work.TB_procesador 
ISim P.20131013 (signature 0x8ef4fb42)
Number of CPUs detected in this system: 1
Turning on mult-threading, number of parallel sub-compilation jobs: 0 
Determining compilation order of HDL files
Parsing VHDL file "C:/Documents and Settings/Administrador/Mis documentos/Arquitectura/procesador4/Procesador4/WM.vhd" into library work
Parsing VHDL file "C:/Documents and Settings/Administrador/Mis documentos/Arquitectura/procesador4/Procesador4/UC.vhd" into library work
Parsing VHDL file "C:/Documents and Settings/Administrador/Mis documentos/Arquitectura/procesador4/Procesador4/sumador.vhd" into library work
Parsing VHDL file "C:/Documents and Settings/Administrador/Mis documentos/Arquitectura/procesador4/Procesador4/SEU.vhd" into library work
Parsing VHDL file "C:/Documents and Settings/Administrador/Mis documentos/Arquitectura/procesador4/Procesador4/RF.vhd" into library work
Parsing VHDL file "C:/Documents and Settings/Administrador/Mis documentos/Arquitectura/procesador4/Procesador4/PSR_Mod.vhd" into library work
Parsing VHDL file "C:/Documents and Settings/Administrador/Mis documentos/Arquitectura/procesador4/Procesador4/PSR.vhd" into library work
Parsing VHDL file "C:/Documents and Settings/Administrador/Mis documentos/Arquitectura/procesador4/Procesador4/PC.vhd" into library work
Parsing VHDL file "C:/Documents and Settings/Administrador/Mis documentos/Arquitectura/procesador4/Procesador4/nPC.vhd" into library work
Parsing VHDL file "C:/Documents and Settings/Administrador/Mis documentos/Arquitectura/procesador4/Procesador4/MUX.vhd" into library work
Parsing VHDL file "C:/Documents and Settings/Administrador/Mis documentos/Arquitectura/procesador4/Procesador4/IM.vhd" into library work
Parsing VHDL file "C:/Documents and Settings/Administrador/Mis documentos/Arquitectura/procesador4/Procesador4/ALU.vhd" into library work
Parsing VHDL file "C:/Documents and Settings/Administrador/Mis documentos/Arquitectura/procesador4/Procesador4/Procesador.vhd" into library work
Parsing VHDL file "C:/Documents and Settings/Administrador/Mis documentos/Arquitectura/procesador4/Procesador4/TB_Procesador.vhd" into library work
Starting static elaboration
WARNING:HDLCompiler:1242 - "N:/P.20131013/rtf/vhdl/src/ieee/std_logic_arith.vhd" Line 2415: Warning: "CONV_INTEGER: There is an 'U'|'X'|'W'|'Z'|'-' in an arithmetic operand, and it has been converted to 0."
Completed static elaboration
Fuse Memory Usage: 67148 KB
Fuse CPU Usage: 640 ms
Compiling package standard
Compiling package std_logic_1164
Compiling package numeric_std
Compiling package std_logic_arith
Compiling package std_logic_unsigned
Compiling package textio
Compiling architecture behavioral of entity sumador [sumador_default]
Compiling architecture behavioral of entity nPC [npc_default]
Compiling architecture behavioral of entity PC [pc_default]
Compiling architecture behavioral of entity IM [im_default]
Compiling architecture behavioral of entity UC [uc_default]
Compiling architecture behavioral of entity SEU [seu_default]
Compiling architecture behavioral of entity RF [rf_default]
Compiling architecture behavioral of entity WM [wm_default]
Compiling architecture behavioral of entity MUX [mux_default]
Compiling architecture behavioral of entity ALU [alu_default]
Compiling architecture behavioral of entity PSR_Mod [psr_mod_default]
Compiling architecture behavioral of entity PSR [psr_default]
Compiling architecture behavioral of entity Procesador [procesador_default]
Compiling architecture behavior of entity tb_procesador
Time Resolution for simulation is 1ps.
Compiled 33 VHDL Units
Built simulation executable C:/Documents and Settings/Administrador/Mis documentos/Arquitectura/procesador4/Procesador4/TB_procesador_isim_beh.exe
Fuse Memory Usage: 87056 KB
Fuse CPU Usage: 1108 ms
