Running: C:\Xilinx\14.7\ISE_DS\ISE\bin\nt\unwrapped\fuse.exe -intstyle ise -incremental -o C:/Documents and Settings/Administrador/Mis documentos/Arquitectura/Procesador/TB_rf_isim_beh.exe -prj C:/Documents and Settings/Administrador/Mis documentos/Arquitectura/Procesador/TB_rf_beh.prj TB_rf 
ISim P.20131013 (signature 0x8ef4fb42)
Number of CPUs detected in this system: 1
Turning on mult-threading, number of parallel sub-compilation jobs: 0 
Determining compilation order of HDL files
Parsing VHDL file "C:/Documents and Settings/Administrador/Mis documentos/Arquitectura/Procesador/RF.vhd" into library work
Parsing VHDL file "C:/Documents and Settings/Administrador/Mis documentos/Arquitectura/Procesador/TB_rf.vhd" into library work
Starting static elaboration
Completed static elaboration
Fuse Memory Usage: 66124 KB
Fuse CPU Usage: 436 ms
Compiling package standard
Compiling package std_logic_1164
Compiling package std_logic_arith
Compiling package std_logic_unsigned
Compiling architecture behavioral of entity RF [rf_default]
Compiling architecture behavior of entity tb_rf
Time Resolution for simulation is 1ps.
Compiled 7 VHDL Units
Built simulation executable C:/Documents and Settings/Administrador/Mis documentos/Arquitectura/Procesador/TB_rf_isim_beh.exe
Fuse Memory Usage: 80016 KB
Fuse CPU Usage: 655 ms
