Running: fuse.exe -relaunch -intstyle "ise" -incremental -o "C:/Documents and Settings/Administrador/Mis documentos/Arquitectura/procesador3/Procesador3/TB_Procesador_isim_beh.exe" -prj "C:/Documents and Settings/Administrador/Mis documentos/Arquitectura/procesador3/Procesador3/TB_Procesador_beh.prj" "work.TB_Procesador" 
ISim P.20131013 (signature 0x8ef4fb42)
Number of CPUs detected in this system: 1
Turning on mult-threading, number of parallel sub-compilation jobs: 0 
Determining compilation order of HDL files
Parsing VHDL file "C:/Documents and Settings/Administrador/Mis documentos/Arquitectura/procesador3/Procesador3/UC.vhd" into library work
Parsing VHDL file "C:/Documents and Settings/Administrador/Mis documentos/Arquitectura/procesador3/Procesador3/sumador.vhd" into library work
Parsing VHDL file "C:/Documents and Settings/Administrador/Mis documentos/Arquitectura/procesador3/Procesador3/SEU.vhd" into library work
Parsing VHDL file "C:/Documents and Settings/Administrador/Mis documentos/Arquitectura/procesador3/Procesador3/RF.vhd" into library work
Parsing VHDL file "C:/Documents and Settings/Administrador/Mis documentos/Arquitectura/procesador3/Procesador3/PSR_Mod.vhd" into library work
Parsing VHDL file "C:/Documents and Settings/Administrador/Mis documentos/Arquitectura/procesador3/Procesador3/PSR.vhd" into library work
Parsing VHDL file "C:/Documents and Settings/Administrador/Mis documentos/Arquitectura/procesador3/Procesador3/PC.vhd" into library work
Parsing VHDL file "C:/Documents and Settings/Administrador/Mis documentos/Arquitectura/procesador3/Procesador3/nPC.vhd" into library work
Parsing VHDL file "C:/Documents and Settings/Administrador/Mis documentos/Arquitectura/procesador3/Procesador3/MUX.vhd" into library work
Parsing VHDL file "C:/Documents and Settings/Administrador/Mis documentos/Arquitectura/procesador3/Procesador3/IM.vhd" into library work
Parsing VHDL file "C:/Documents and Settings/Administrador/Mis documentos/Arquitectura/procesador3/Procesador3/ALU.vhd" into library work
Parsing VHDL file "C:/Documents and Settings/Administrador/Mis documentos/Arquitectura/procesador3/Procesador3/Procesador.vhd" into library work
Parsing VHDL file "C:/Documents and Settings/Administrador/Mis documentos/Arquitectura/procesador3/Procesador3/TB_Procesador.vhd" into library work
Starting static elaboration
Completed static elaboration
Fuse Memory Usage: 67148 KB
Fuse CPU Usage: 593 ms
Compiling package standard
Compiling package std_logic_1164
Compiling package numeric_std
Compiling package std_logic_arith
Compiling package std_logic_unsigned
Compiling package textio
Compiling architecture behavioral of entity sumador [sumador_default]
Compiling architecture behavioral of entity nPC [npc_default]
Compiling architecture behavioral of entity PC [pc_default]
Compiling architecture behavioral of entity IM [im_default]
Compiling architecture behavioral of entity UC [uc_default]
Compiling architecture behavioral of entity SEU [seu_default]
Compiling architecture behavioral of entity RF [rf_default]
Compiling architecture behavioral of entity MUX [mux_default]
Compiling architecture behavioral of entity ALU [alu_default]
Compiling architecture behavioral of entity PSR_Mod [psr_mod_default]
Compiling architecture behavioral of entity PSR [psr_default]
Compiling architecture behavioral of entity Procesador [procesador_default]
Compiling architecture behavior of entity tb_procesador
Time Resolution for simulation is 1ps.
Compiled 31 VHDL Units
Built simulation executable C:/Documents and Settings/Administrador/Mis documentos/Arquitectura/procesador3/Procesador3/TB_Procesador_isim_beh.exe
Fuse Memory Usage: 87056 KB
Fuse CPU Usage: 1046 ms
