Command line:
   TB_alu_isim_beh.exe
     -simmode  gui
     -simrunnum  0
     -socket  1049

Mon Oct 02 19:14:17 2017


 Elaboration Time: 0.125 sec

 Current Memory Usage: 323.072 Meg

 Total Signals          : 8
 Total Nets             : 102
 Total Signal Drivers   : 4
 Total Blocks           : 6
 Total Primitive Blocks : 5
 Total Processes        : 2
 Total Traceable Variables  : 15
 Total Scalar Nets and Variables : 603
Total Line Count : 16

 Total Simulation Time: 0.171875 sec

 Current Memory Usage: 323.072 Meg

Mon Oct 02 19:24:50 2017

